<?xml version="1.0" encoding="UTF-8"?>
<!-- Generated by org.testng.reporters.JUnitXMLReporter -->
<testsuite ignored="0" hostname="DESKTOP-HVLADVB" failures="1" tests="4" name="Test" time="14.154" errors="0" timestamp="2021-10-19T11:04:28 IST">
  <testcase classname="pom.Framework.HomePage" name="basePageNavigation" time="3.083"/>
  <testcase classname="pom.Framework.HomePage" name="basePageNavigation" time="2.691"/>
  <testcase classname="pom.Framework.validateTitle" name="validateAppTitle" time="0.083">
    <failure type="java.lang.AssertionError" message="expected [FEATURED CO123URSES] but found [FEATURED COURSES]">
      <![CDATA[java.lang.AssertionError: expected [FEATURED CO123URSES] but found [FEATURED COURSES]
at pom.Framework.validateTitle.validateAppTitle(validateTitle.java:42)
at java.base/java.util.ArrayList.forEach(ArrayList.java:1541)
... Removed 33 stack frames]]>
    </failure>
  </testcase> <!-- validateAppTitle -->
  <testcase classname="pom.Framework.validateNavigationBar" name="validateAppNavBar" time="0.13"/>
</testsuite> <!-- Test -->
